<?xml version="1.0" encoding="UTF-8"?>
<!-- Generated by org.testng.reporters.JUnitReportReporter -->
<testsuite skipped="0" hostname="DESKTOP-EDH5CLB" name="TestMavenCheck.Test.HomePageTest" tests="1" failures="0" timestamp="2022-09-08T12:59:11 IST" time="27.248" errors="0">
  <testcase name="varifySearchItem" time="27.248" classname="TestMavenCheck.Test.HomePageTest"/>
  <system-out/>
</testsuite> <!-- TestMavenCheck.Test.HomePageTest -->
