<?xml version="1.0" encoding="UTF-8"?>
<!-- Generated by org.testng.reporters.JUnitReportReporter -->
<testsuite skipped="0" hostname="DESKTOP-EDH5CLB" name="TestMavenCheck.Test.ProductPageTest" tests="1" failures="0" timestamp="2022-09-08T12:59:11 IST" time="33.595" errors="0">
  <testcase name="varifyAddtoKart" time="33.595" classname="TestMavenCheck.Test.ProductPageTest"/>
  <system-out/>
</testsuite> <!-- TestMavenCheck.Test.ProductPageTest -->
