<?xml version="1.0" encoding="UTF-8"?>
<!-- Generated by org.testng.reporters.JUnitReportReporter -->
<testsuite skipped="0" hostname="DESKTOP-EDH5CLB" name="TestMavenCheck.Test.LoginPageTest" tests="2" failures="0" timestamp="2022-05-26T18:42:45 IST" time="9.529" errors="0">
  <testcase name="varifyLogin" time="8.925" classname="TestMavenCheck.Test.LoginPageTest"/>
  <system-out/>
  <testcase name="varifyTopOffers" time="0.604" classname="TestMavenCheck.Test.LoginPageTest"/>
  <system-out/>
</testsuite> <!-- TestMavenCheck.Test.LoginPageTest -->
