<?xml version="1.0" encoding="UTF-8"?>
<!-- Generated by org.testng.reporters.JUnitReportReporter -->
<testsuite skipped="0" hostname="DESKTOP-EDH5CLB" name="TestMavenCheck.Test.LoginPageTest" tests="2" failures="0" timestamp="2022-09-08T12:59:11 IST" time="8.640" errors="0">
  <testcase name="varifyLogin" time="8.133" classname="TestMavenCheck.Test.LoginPageTest"/>
  <system-out/>
  <testcase name="varifyTopOffers" time="0.507" classname="TestMavenCheck.Test.LoginPageTest"/>
  <system-out/>
</testsuite> <!-- TestMavenCheck.Test.LoginPageTest -->
