<?xml version="1.0" encoding="UTF-8"?>
<!-- Generated by org.testng.reporters.JUnitReportReporter -->
<testsuite skipped="0" hostname="DESKTOP-EDH5CLB" name="TestMavenCheck.Test.CartPageTest" tests="2" failures="0" timestamp="2022-05-26T18:42:45 IST" time="12.400" errors="0">
  <testcase name="varifyItemInCart" time="12.324" classname="TestMavenCheck.Test.CartPageTest"/>
  <system-out/>
  <testcase name="varifyPlaceOrderBtnEnabled" time="0.076" classname="TestMavenCheck.Test.CartPageTest"/>
  <system-out/>
</testsuite> <!-- TestMavenCheck.Test.CartPageTest -->
