<?xml version="1.0" encoding="UTF-8"?>
<!-- Generated by org.testng.reporters.JUnitReportReporter -->
<testsuite skipped="0" hostname="DESKTOP-EDH5CLB" name="TestMavenCheck.Test.ProductPageTest" tests="1" failures="0" timestamp="2022-05-26T18:42:45 IST" time="24.414" errors="0">
  <testcase name="varifyAddtoKart" time="24.414" classname="TestMavenCheck.Test.ProductPageTest"/>
  <system-out/>
</testsuite> <!-- TestMavenCheck.Test.ProductPageTest -->
