<?xml version="1.0" encoding="UTF-8"?>
<!-- Generated by org.testng.reporters.JUnitReportReporter -->
<testsuite skipped="0" hostname="DESKTOP-EDH5CLB" name="TestMavenCheck.Test.HomePageTest" tests="1" failures="0" timestamp="2022-05-26T18:42:45 IST" time="22.015" errors="0">
  <testcase name="varifySearchItem" time="22.015" classname="TestMavenCheck.Test.HomePageTest"/>
  <system-out/>
</testsuite> <!-- TestMavenCheck.Test.HomePageTest -->
